<?xml version="1.0" encoding="UTF-8"?>
<!-- Generated by org.testng.reporters.JUnitReportReporter -->
<testsuite skipped="1" hostname="LAPTOP-RRO4KGR3" name="com.selenium.maventesting.AppTest" tests="2" failures="0" timestamp="09 Jul 2020 07:24:00 GMT" time="0.013" errors="0">
  <testcase name="testing" time="0.009" classname="com.selenium.maventesting.AppTest"/>
  <testcase name="testing2" time="0.004" classname="com.selenium.maventesting.AppTest">
    <skipped/>
  </testcase> <!-- testing2 -->
</testsuite> <!-- com.selenium.maventesting.AppTest -->
